{"type":"server-started","port":52721,"host":"127.0.0.1","url_host":"localhost","url":"http://localhost:52721","screen_dir":"/Users/julianne/Documents/25-26 CTC/CoreStudio/Sem2Final/.superpowers/brainstorm/53393-1778134030/content","state_dir":"/Users/julianne/Documents/25-26 CTC/CoreStudio/Sem2Final/.superpowers/brainstorm/53393-1778134030/state"}
{"type":"screen-added","file":"/Users/julianne/Documents/25-26 CTC/CoreStudio/Sem2Final/.superpowers/brainstorm/53393-1778134030/content/terrain-palette.html"}
{"type":"screen-updated","file":"/Users/julianne/Documents/25-26 CTC/CoreStudio/Sem2Final/.superpowers/brainstorm/53393-1778134030/content/terrain-palette.html"}
{"type":"screen-updated","file":"/Users/julianne/Documents/25-26 CTC/CoreStudio/Sem2Final/.superpowers/brainstorm/53393-1778134030/content/terrain-palette.html"}
{"type":"screen-updated","file":"/Users/julianne/Documents/25-26 CTC/CoreStudio/Sem2Final/.superpowers/brainstorm/53393-1778134030/content/terrain-palette.html"}
{"type":"screen-added","file":"/Users/julianne/Documents/25-26 CTC/CoreStudio/Sem2Final/.superpowers/brainstorm/53393-1778134030/content/waiting.html"}
{"type":"screen-updated","file":"/Users/julianne/Documents/25-26 CTC/CoreStudio/Sem2Final/.superpowers/brainstorm/53393-1778134030/content/waiting.html"}
{"type":"screen-updated","file":"/Users/julianne/Documents/25-26 CTC/CoreStudio/Sem2Final/.superpowers/brainstorm/53393-1778134030/content/waiting.html"}
{"type":"screen-added","file":"/Users/julianne/Documents/25-26 CTC/CoreStudio/Sem2Final/.superpowers/brainstorm/53393-1778134030/content/terrain-botanical-variants.html"}
{"type":"screen-updated","file":"/Users/julianne/Documents/25-26 CTC/CoreStudio/Sem2Final/.superpowers/brainstorm/53393-1778134030/content/terrain-botanical-variants.html"}
{"type":"screen-updated","file":"/Users/julianne/Documents/25-26 CTC/CoreStudio/Sem2Final/.superpowers/brainstorm/53393-1778134030/content/terrain-botanical-variants.html"}
{"type":"screen-updated","file":"/Users/julianne/Documents/25-26 CTC/CoreStudio/Sem2Final/.superpowers/brainstorm/53393-1778134030/content/terrain-botanical-variants.html"}
{"type":"screen-added","file":"/Users/julianne/Documents/25-26 CTC/CoreStudio/Sem2Final/.superpowers/brainstorm/53393-1778134030/content/waiting-2.html"}
{"type":"screen-updated","file":"/Users/julianne/Documents/25-26 CTC/CoreStudio/Sem2Final/.superpowers/brainstorm/53393-1778134030/content/waiting-2.html"}
{"type":"screen-updated","file":"/Users/julianne/Documents/25-26 CTC/CoreStudio/Sem2Final/.superpowers/brainstorm/53393-1778134030/content/waiting-2.html"}
{"type":"screen-updated","file":"/Users/julianne/Documents/25-26 CTC/CoreStudio/Sem2Final/.superpowers/brainstorm/53393-1778134030/content/waiting-2.html"}
{"type":"screen-added","file":"/Users/julianne/Documents/25-26 CTC/CoreStudio/Sem2Final/.superpowers/brainstorm/53393-1778134030/content/terrain-borders.html"}
{"type":"screen-updated","file":"/Users/julianne/Documents/25-26 CTC/CoreStudio/Sem2Final/.superpowers/brainstorm/53393-1778134030/content/terrain-borders.html"}
{"type":"screen-updated","file":"/Users/julianne/Documents/25-26 CTC/CoreStudio/Sem2Final/.superpowers/brainstorm/53393-1778134030/content/terrain-borders.html"}
{"type":"screen-added","file":"/Users/julianne/Documents/25-26 CTC/CoreStudio/Sem2Final/.superpowers/brainstorm/53393-1778134030/content/terrain-borders-v2.html"}
{"type":"screen-updated","file":"/Users/julianne/Documents/25-26 CTC/CoreStudio/Sem2Final/.superpowers/brainstorm/53393-1778134030/content/terrain-borders-v2.html"}
{"type":"screen-updated","file":"/Users/julianne/Documents/25-26 CTC/CoreStudio/Sem2Final/.superpowers/brainstorm/53393-1778134030/content/terrain-borders-v2.html"}
{"type":"screen-added","file":"/Users/julianne/Documents/25-26 CTC/CoreStudio/Sem2Final/.superpowers/brainstorm/53393-1778134030/content/terrain-topo-v1.html"}
{"type":"screen-updated","file":"/Users/julianne/Documents/25-26 CTC/CoreStudio/Sem2Final/.superpowers/brainstorm/53393-1778134030/content/terrain-topo-v1.html"}
{"type":"screen-updated","file":"/Users/julianne/Documents/25-26 CTC/CoreStudio/Sem2Final/.superpowers/brainstorm/53393-1778134030/content/terrain-topo-v1.html"}
{"type":"screen-updated","file":"/Users/julianne/Documents/25-26 CTC/CoreStudio/Sem2Final/.superpowers/brainstorm/53393-1778134030/content/terrain-topo-v1.html"}
{"type":"screen-added","file":"/Users/julianne/Documents/25-26 CTC/CoreStudio/Sem2Final/.superpowers/brainstorm/53393-1778134030/content/terrain-topo-v2.html"}
{"type":"screen-updated","file":"/Users/julianne/Documents/25-26 CTC/CoreStudio/Sem2Final/.superpowers/brainstorm/53393-1778134030/content/terrain-topo-v2.html"}
{"type":"screen-updated","file":"/Users/julianne/Documents/25-26 CTC/CoreStudio/Sem2Final/.superpowers/brainstorm/53393-1778134030/content/terrain-topo-v2.html"}
{"type":"screen-updated","file":"/Users/julianne/Documents/25-26 CTC/CoreStudio/Sem2Final/.superpowers/brainstorm/53393-1778134030/content/terrain-topo-v2.html"}
{"type":"screen-added","file":"/Users/julianne/Documents/25-26 CTC/CoreStudio/Sem2Final/.superpowers/brainstorm/53393-1778134030/content/terrain-topo-v3.html"}
{"type":"screen-updated","file":"/Users/julianne/Documents/25-26 CTC/CoreStudio/Sem2Final/.superpowers/brainstorm/53393-1778134030/content/terrain-topo-v3.html"}
{"type":"screen-updated","file":"/Users/julianne/Documents/25-26 CTC/CoreStudio/Sem2Final/.superpowers/brainstorm/53393-1778134030/content/terrain-topo-v3.html"}
{"type":"screen-updated","file":"/Users/julianne/Documents/25-26 CTC/CoreStudio/Sem2Final/.superpowers/brainstorm/53393-1778134030/content/terrain-topo-v3.html"}
{"type":"screen-added","file":"/Users/julianne/Documents/25-26 CTC/CoreStudio/Sem2Final/.superpowers/brainstorm/53393-1778134030/content/terrain-hierarchy.html"}
{"type":"screen-updated","file":"/Users/julianne/Documents/25-26 CTC/CoreStudio/Sem2Final/.superpowers/brainstorm/53393-1778134030/content/terrain-hierarchy.html"}
{"type":"screen-updated","file":"/Users/julianne/Documents/25-26 CTC/CoreStudio/Sem2Final/.superpowers/brainstorm/53393-1778134030/content/terrain-hierarchy.html"}
{"type":"screen-updated","file":"/Users/julianne/Documents/25-26 CTC/CoreStudio/Sem2Final/.superpowers/brainstorm/53393-1778134030/content/terrain-hierarchy.html"}
{"type":"server-stopped","reason":"idle timeout"}
